0 info it worked if it ends with ok
1 verbose cli [ '/usr/local/bin/node', '/usr/local/bin/npm', 'start' ]
2 info using npm@3.10.10
3 info using node@v6.12.2
4 verbose run-script [ 'prestart', 'start', 'poststart' ]
5 info lifecycle mural@1.0.0~prestart: mural@1.0.0
6 silly lifecycle mural@1.0.0~prestart: no script for prestart, continuing
7 info lifecycle mural@1.0.0~start: mural@1.0.0
8 verbose lifecycle mural@1.0.0~start: unsafe-perm in lifecycle true
9 verbose lifecycle mural@1.0.0~start: PATH: /usr/local/lib/node_modules/npm/bin/node-gyp-bin:/home/web7759/javascript-caelum/projeto-wd47-master/node_modules/.bin:/usr/local/sbin:/usr/local/bin:/usr/sbin:/usr/bin:/sbin:/bin:/usr/games:/usr/local/games:/snap/bin:/usr/lib/jvm/java-8-oracle/bin:/usr/lib/jvm/java-8-oracle/db/bin:/usr/lib/jvm/java-8-oracle/jre/bin:/caelum/groovy/bin
10 verbose lifecycle mural@1.0.0~start: CWD: /home/web7759/javascript-caelum/projeto-wd47-master
11 silly lifecycle mural@1.0.0~start: Args: [ '-c',
11 silly lifecycle   './note-modules/.bin/babel src --out-dir dist --copy-files --presets@babel/presets-env --watch' ]
12 info lifecycle mural@1.0.0~start: Failed to exec start script
13 verbose stack Error: mural@1.0.0 start: `./note-modules/.bin/babel src --out-dir dist --copy-files --presets@babel/presets-env --watch`
13 verbose stack spawn ENOENT
13 verbose stack     at ChildProcess.<anonymous> (/usr/local/lib/node_modules/npm/lib/utils/spawn.js:33:16)
13 verbose stack     at emitTwo (events.js:106:13)
13 verbose stack     at ChildProcess.emit (events.js:191:7)
13 verbose stack     at maybeClose (internal/child_process.js:920:16)
13 verbose stack     at Process.ChildProcess._handle.onexit (internal/child_process.js:230:5)
14 verbose pkgid mural@1.0.0
15 verbose cwd /home/web7759/javascript-caelum/projeto-wd47-master
16 error Linux 4.15.0-38-generic
17 error argv "/usr/local/bin/node" "/usr/local/bin/npm" "start"
18 error node v6.12.2
19 error npm  v3.10.10
20 error file sh
21 error code ELIFECYCLE
22 error errno ENOENT
23 error syscall spawn
24 error mural@1.0.0 start: `./note-modules/.bin/babel src --out-dir dist --copy-files --presets@babel/presets-env --watch`
24 error spawn ENOENT
25 error Failed at the mural@1.0.0 start script './note-modules/.bin/babel src --out-dir dist --copy-files --presets@babel/presets-env --watch'.
25 error Make sure you have the latest version of node.js and npm installed.
25 error If you do, this is most likely a problem with the mural package,
25 error not with npm itself.
25 error Tell the author that this fails on your system:
25 error     ./note-modules/.bin/babel src --out-dir dist --copy-files --presets@babel/presets-env --watch
25 error You can get information on how to open an issue for this project with:
25 error     npm bugs mural
25 error Or if that isn't available, you can get their info via:
25 error     npm owner ls mural
25 error There is likely additional logging output above.
26 verbose exit [ 1, true ]
